<component name="libraryTable">
  <library name="junit_api">
    <CLASSES>
      <root url="jar://$PROJECT_DIR$/lib/junit_api.jar!/" />
      <root url="jar://$PROJECT_DIR$/lib/junit_platform_commons.jar!/" />
      <root url="jar://$PROJECT_DIR$/lib/junit_platform_engine.jar!/" />
      <root url="jar://$PROJECT_DIR$/lib/junit_platform_launcher.jar!/" />
      <root url="jar://$PROJECT_DIR$/lib/junit_platform_runner.jar!/" />
      <root url="jar://$PROJECT_DIR$/lib/opentest4j.jar!/" />
    </CLASSES>
    <JAVADOC />
    <SOURCES />
  </library>
</component>